<!DOCTYPE html>
<html>
<head>
<meta http-equiv="Content-Type" content="text/html; charset=utf-8"/>
<meta http-equiv="x-ua-compatible" content="IE=edge"/>
<title>Test results - Class org.springframework.web.reactive.result.view.script.KotlinScriptTemplateTests</title>
<link href="../css/base-style.css" rel="stylesheet" type="text/css"/>
<link href="../css/style.css" rel="stylesheet" type="text/css"/>
<script src="../js/report.js" type="text/javascript"></script>
</head>
<body>
<div id="content">
<h1>Class org.springframework.web.reactive.result.view.script.KotlinScriptTemplateTests</h1>
<div class="breadcrumbs">
<a href="../index.html">all</a> &gt; 
<a href="../packages/org.springframework.web.reactive.result.view.script.html">org.springframework.web.reactive.result.view.script</a> &gt; KotlinScriptTemplateTests</div>
<div id="summary">
<table>
<tr>
<td>
<div class="summaryGroup">
<table>
<tr>
<td>
<div class="infoBox" id="tests">
<div class="counter">3</div>
<p>tests</p>
</div>
</td>
<td>
<div class="infoBox" id="failures">
<div class="counter">3</div>
<p>failures</p>
</div>
</td>
<td>
<div class="infoBox" id="ignored">
<div class="counter">0</div>
<p>ignored</p>
</div>
</td>
<td>
<div class="infoBox" id="duration">
<div class="counter">0.335s</div>
<p>duration</p>
</div>
</td>
</tr>
</table>
</div>
</td>
<td>
<div class="infoBox failures" id="successRate">
<div class="percent">0%</div>
<p>successful</p>
</div>
</td>
</tr>
</table>
</div>
<div id="tabs">
<ul class="tabLinks">
<li>
<a href="#tab0">Failed tests</a>
</li>
<li>
<a href="#tab1">Tests</a>
</li>
</ul>
<div id="tab0" class="tab">
<h2>Failed tests</h2>
<div class="test">
<a name="renderTemplateWithEnglishLocale"></a>
<h3 class="failures">renderTemplateWithEnglishLocale</h3>
<span class="code">
<pre>java.lang.IllegalStateException: Failed to evaluate script [org/springframework/web/reactive/result/view/script/kotlin/render.kts]
	at org.springframework.web.reactive.result.view.script.ScriptTemplateView.loadScripts(ScriptTemplateView.java:262)
	at org.springframework.web.reactive.result.view.script.ScriptTemplateView.createEngineFromName(ScriptTemplateView.java:247)
	at org.springframework.web.reactive.result.view.script.ScriptTemplateView.setApplicationContext(ScriptTemplateView.java:219)
	at org.springframework.web.reactive.result.view.script.KotlinScriptTemplateTests.createViewWithUrl(KotlinScriptTemplateTests.java:92)
	at org.springframework.web.reactive.result.view.script.KotlinScriptTemplateTests.render(KotlinScriptTemplateTests.java:79)
	at org.springframework.web.reactive.result.view.script.KotlinScriptTemplateTests.renderTemplateWithEnglishLocale(KotlinScriptTemplateTests.java:57)
	at sun.reflect.NativeMethodAccessorImpl.invoke0(Native Method)
	at sun.reflect.NativeMethodAccessorImpl.invoke(NativeMethodAccessorImpl.java:62)
	at sun.reflect.DelegatingMethodAccessorImpl.invoke(DelegatingMethodAccessorImpl.java:43)
	at java.lang.reflect.Method.invoke(Method.java:498)
	at org.junit.runners.model.FrameworkMethod$1.runReflectiveCall(FrameworkMethod.java:50)
	at org.junit.internal.runners.model.ReflectiveCallable.run(ReflectiveCallable.java:12)
	at org.junit.runners.model.FrameworkMethod.invokeExplosively(FrameworkMethod.java:47)
	at org.junit.internal.runners.statements.InvokeMethod.evaluate(InvokeMethod.java:17)
	at org.junit.runners.ParentRunner.runLeaf(ParentRunner.java:325)
	at org.junit.runners.BlockJUnit4ClassRunner.runChild(BlockJUnit4ClassRunner.java:78)
	at org.junit.runners.BlockJUnit4ClassRunner.runChild(BlockJUnit4ClassRunner.java:57)
	at org.junit.runners.ParentRunner$3.run(ParentRunner.java:290)
	at org.junit.runners.ParentRunner$1.schedule(ParentRunner.java:71)
	at org.junit.runners.ParentRunner.runChildren(ParentRunner.java:288)
	at org.junit.runners.ParentRunner.access$000(ParentRunner.java:58)
	at org.junit.runners.ParentRunner$2.evaluate(ParentRunner.java:268)
	at org.junit.runners.ParentRunner.run(ParentRunner.java:363)
	at org.gradle.api.internal.tasks.testing.junit.JUnitTestClassExecutor.runTestClass(JUnitTestClassExecutor.java:106)
	at org.gradle.api.internal.tasks.testing.junit.JUnitTestClassExecutor.execute(JUnitTestClassExecutor.java:58)
	at org.gradle.api.internal.tasks.testing.junit.JUnitTestClassExecutor.execute(JUnitTestClassExecutor.java:38)
	at org.gradle.api.internal.tasks.testing.junit.AbstractJUnitTestClassProcessor.processTestClass(AbstractJUnitTestClassProcessor.java:66)
	at org.gradle.api.internal.tasks.testing.SuiteTestClassProcessor.processTestClass(SuiteTestClassProcessor.java:51)
	at sun.reflect.GeneratedMethodAccessor65.invoke(Unknown Source)
	at sun.reflect.DelegatingMethodAccessorImpl.invoke(DelegatingMethodAccessorImpl.java:43)
	at java.lang.reflect.Method.invoke(Method.java:498)
	at org.gradle.internal.dispatch.ReflectionDispatch.dispatch(ReflectionDispatch.java:35)
	at org.gradle.internal.dispatch.ReflectionDispatch.dispatch(ReflectionDispatch.java:24)
	at org.gradle.internal.dispatch.ContextClassLoaderDispatch.dispatch(ContextClassLoaderDispatch.java:32)
	at org.gradle.internal.dispatch.ProxyDispatchAdapter$DispatchingInvocationHandler.invoke(ProxyDispatchAdapter.java:93)
	at com.sun.proxy.$Proxy2.processTestClass(Unknown Source)
	at org.gradle.api.internal.tasks.testing.worker.TestWorker.processTestClass(TestWorker.java:117)
	at sun.reflect.GeneratedMethodAccessor64.invoke(Unknown Source)
	at sun.reflect.DelegatingMethodAccessorImpl.invoke(DelegatingMethodAccessorImpl.java:43)
	at java.lang.reflect.Method.invoke(Method.java:498)
	at org.gradle.internal.dispatch.ReflectionDispatch.dispatch(ReflectionDispatch.java:35)
	at org.gradle.internal.dispatch.ReflectionDispatch.dispatch(ReflectionDispatch.java:24)
	at org.gradle.internal.remote.internal.hub.MessageHubBackedObjectConnection$DispatchWrapper.dispatch(MessageHubBackedObjectConnection.java:155)
	at org.gradle.internal.remote.internal.hub.MessageHubBackedObjectConnection$DispatchWrapper.dispatch(MessageHubBackedObjectConnection.java:137)
	at org.gradle.internal.remote.internal.hub.MessageHub$Handler.run(MessageHub.java:404)
	at org.gradle.internal.concurrent.ExecutorPolicy$CatchAndRecordFailures.onExecute(ExecutorPolicy.java:63)
	at org.gradle.internal.concurrent.ManagedExecutorImpl$1.run(ManagedExecutorImpl.java:46)
	at java.util.concurrent.ThreadPoolExecutor.runWorker(ThreadPoolExecutor.java:1142)
	at java.util.concurrent.ThreadPoolExecutor$Worker.run(ThreadPoolExecutor.java:617)
	at org.gradle.internal.concurrent.ThreadFactoryImpl$ManagedThreadRunnable.run(ThreadFactoryImpl.java:55)
	at java.lang.Thread.run(Thread.java:745)
Caused by: java.lang.NoClassDefFoundError: org/jetbrains/kotlin/scripting/compiler/plugin/repl/GenericReplCompiler
	at org.jetbrains.kotlin.script.jsr223.KotlinJsr223JvmLocalScriptEngine$replCompiler$2.invoke(KotlinJsr223JvmLocalScriptEngine.kt:47)
	at org.jetbrains.kotlin.script.jsr223.KotlinJsr223JvmLocalScriptEngine$replCompiler$2.invoke(KotlinJsr223JvmLocalScriptEngine.kt:38)
	at kotlin.SynchronizedLazyImpl.getValue(LazyJVM.kt:74)
	at org.jetbrains.kotlin.script.jsr223.KotlinJsr223JvmLocalScriptEngine.getReplCompiler(KotlinJsr223JvmLocalScriptEngine.kt)
	at org.jetbrains.kotlin.script.jsr223.KotlinJsr223JvmLocalScriptEngine$localEvaluator$2.invoke(KotlinJsr223JvmLocalScriptEngine.kt:53)
	at org.jetbrains.kotlin.script.jsr223.KotlinJsr223JvmLocalScriptEngine$localEvaluator$2.invoke(KotlinJsr223JvmLocalScriptEngine.kt:38)
	at kotlin.SynchronizedLazyImpl.getValue(LazyJVM.kt:74)
	at org.jetbrains.kotlin.script.jsr223.KotlinJsr223JvmLocalScriptEngine.getLocalEvaluator(KotlinJsr223JvmLocalScriptEngine.kt)
	at org.jetbrains.kotlin.script.jsr223.KotlinJsr223JvmLocalScriptEngine.getReplEvaluator(KotlinJsr223JvmLocalScriptEngine.kt:55)
	at org.jetbrains.kotlin.script.jsr223.KotlinJsr223JvmLocalScriptEngine.createState(KotlinJsr223JvmLocalScriptEngine.kt:59)
	at org.jetbrains.kotlin.cli.common.repl.KotlinJsr223JvmScriptEngineBase.createState$default(KotlinJsr223JvmScriptEngineBase.kt:46)
	at org.jetbrains.kotlin.cli.common.repl.KotlinJsr223JvmScriptEngineBase.getCurrentState(KotlinJsr223JvmScriptEngineBase.kt:53)
	at org.jetbrains.kotlin.cli.common.repl.KotlinJsr223JvmScriptEngineBase.nextCodeLine(KotlinJsr223JvmScriptEngineBase.kt:44)
	at org.jetbrains.kotlin.cli.common.repl.KotlinJsr223JvmScriptEngineBase.compileAndEval(KotlinJsr223JvmScriptEngineBase.kt:61)
	at org.jetbrains.kotlin.cli.common.repl.KotlinJsr223JvmScriptEngineBase.eval(KotlinJsr223JvmScriptEngineBase.kt:33)
	at javax.script.AbstractScriptEngine.eval(AbstractScriptEngine.java:249)
	at org.springframework.web.reactive.result.view.script.ScriptTemplateView.loadScripts(ScriptTemplateView.java:259)
	... 50 more
</pre>
</span>
</div>
<div class="test">
<a name="renderTemplateWithFrenchLocale"></a>
<h3 class="failures">renderTemplateWithFrenchLocale</h3>
<span class="code">
<pre>java.lang.IllegalStateException: Failed to evaluate script [org/springframework/web/reactive/result/view/script/kotlin/render.kts]
	at org.springframework.web.reactive.result.view.script.ScriptTemplateView.loadScripts(ScriptTemplateView.java:262)
	at org.springframework.web.reactive.result.view.script.ScriptTemplateView.createEngineFromName(ScriptTemplateView.java:247)
	at org.springframework.web.reactive.result.view.script.ScriptTemplateView.setApplicationContext(ScriptTemplateView.java:219)
	at org.springframework.web.reactive.result.view.script.KotlinScriptTemplateTests.createViewWithUrl(KotlinScriptTemplateTests.java:92)
	at org.springframework.web.reactive.result.view.script.KotlinScriptTemplateTests.render(KotlinScriptTemplateTests.java:79)
	at org.springframework.web.reactive.result.view.script.KotlinScriptTemplateTests.renderTemplateWithFrenchLocale(KotlinScriptTemplateTests.java:48)
	at sun.reflect.NativeMethodAccessorImpl.invoke0(Native Method)
	at sun.reflect.NativeMethodAccessorImpl.invoke(NativeMethodAccessorImpl.java:62)
	at sun.reflect.DelegatingMethodAccessorImpl.invoke(DelegatingMethodAccessorImpl.java:43)
	at java.lang.reflect.Method.invoke(Method.java:498)
	at org.junit.runners.model.FrameworkMethod$1.runReflectiveCall(FrameworkMethod.java:50)
	at org.junit.internal.runners.model.ReflectiveCallable.run(ReflectiveCallable.java:12)
	at org.junit.runners.model.FrameworkMethod.invokeExplosively(FrameworkMethod.java:47)
	at org.junit.internal.runners.statements.InvokeMethod.evaluate(InvokeMethod.java:17)
	at org.junit.runners.ParentRunner.runLeaf(ParentRunner.java:325)
	at org.junit.runners.BlockJUnit4ClassRunner.runChild(BlockJUnit4ClassRunner.java:78)
	at org.junit.runners.BlockJUnit4ClassRunner.runChild(BlockJUnit4ClassRunner.java:57)
	at org.junit.runners.ParentRunner$3.run(ParentRunner.java:290)
	at org.junit.runners.ParentRunner$1.schedule(ParentRunner.java:71)
	at org.junit.runners.ParentRunner.runChildren(ParentRunner.java:288)
	at org.junit.runners.ParentRunner.access$000(ParentRunner.java:58)
	at org.junit.runners.ParentRunner$2.evaluate(ParentRunner.java:268)
	at org.junit.runners.ParentRunner.run(ParentRunner.java:363)
	at org.gradle.api.internal.tasks.testing.junit.JUnitTestClassExecutor.runTestClass(JUnitTestClassExecutor.java:106)
	at org.gradle.api.internal.tasks.testing.junit.JUnitTestClassExecutor.execute(JUnitTestClassExecutor.java:58)
	at org.gradle.api.internal.tasks.testing.junit.JUnitTestClassExecutor.execute(JUnitTestClassExecutor.java:38)
	at org.gradle.api.internal.tasks.testing.junit.AbstractJUnitTestClassProcessor.processTestClass(AbstractJUnitTestClassProcessor.java:66)
	at org.gradle.api.internal.tasks.testing.SuiteTestClassProcessor.processTestClass(SuiteTestClassProcessor.java:51)
	at sun.reflect.GeneratedMethodAccessor65.invoke(Unknown Source)
	at sun.reflect.DelegatingMethodAccessorImpl.invoke(DelegatingMethodAccessorImpl.java:43)
	at java.lang.reflect.Method.invoke(Method.java:498)
	at org.gradle.internal.dispatch.ReflectionDispatch.dispatch(ReflectionDispatch.java:35)
	at org.gradle.internal.dispatch.ReflectionDispatch.dispatch(ReflectionDispatch.java:24)
	at org.gradle.internal.dispatch.ContextClassLoaderDispatch.dispatch(ContextClassLoaderDispatch.java:32)
	at org.gradle.internal.dispatch.ProxyDispatchAdapter$DispatchingInvocationHandler.invoke(ProxyDispatchAdapter.java:93)
	at com.sun.proxy.$Proxy2.processTestClass(Unknown Source)
	at org.gradle.api.internal.tasks.testing.worker.TestWorker.processTestClass(TestWorker.java:117)
	at sun.reflect.GeneratedMethodAccessor64.invoke(Unknown Source)
	at sun.reflect.DelegatingMethodAccessorImpl.invoke(DelegatingMethodAccessorImpl.java:43)
	at java.lang.reflect.Method.invoke(Method.java:498)
	at org.gradle.internal.dispatch.ReflectionDispatch.dispatch(ReflectionDispatch.java:35)
	at org.gradle.internal.dispatch.ReflectionDispatch.dispatch(ReflectionDispatch.java:24)
	at org.gradle.internal.remote.internal.hub.MessageHubBackedObjectConnection$DispatchWrapper.dispatch(MessageHubBackedObjectConnection.java:155)
	at org.gradle.internal.remote.internal.hub.MessageHubBackedObjectConnection$DispatchWrapper.dispatch(MessageHubBackedObjectConnection.java:137)
	at org.gradle.internal.remote.internal.hub.MessageHub$Handler.run(MessageHub.java:404)
	at org.gradle.internal.concurrent.ExecutorPolicy$CatchAndRecordFailures.onExecute(ExecutorPolicy.java:63)
	at org.gradle.internal.concurrent.ManagedExecutorImpl$1.run(ManagedExecutorImpl.java:46)
	at java.util.concurrent.ThreadPoolExecutor.runWorker(ThreadPoolExecutor.java:1142)
	at java.util.concurrent.ThreadPoolExecutor$Worker.run(ThreadPoolExecutor.java:617)
	at org.gradle.internal.concurrent.ThreadFactoryImpl$ManagedThreadRunnable.run(ThreadFactoryImpl.java:55)
	at java.lang.Thread.run(Thread.java:745)
Caused by: java.lang.NoClassDefFoundError: org/jetbrains/kotlin/scripting/compiler/plugin/repl/GenericReplCompiler
	at org.jetbrains.kotlin.script.jsr223.KotlinJsr223JvmLocalScriptEngine$replCompiler$2.invoke(KotlinJsr223JvmLocalScriptEngine.kt:47)
	at org.jetbrains.kotlin.script.jsr223.KotlinJsr223JvmLocalScriptEngine$replCompiler$2.invoke(KotlinJsr223JvmLocalScriptEngine.kt:38)
	at kotlin.SynchronizedLazyImpl.getValue(LazyJVM.kt:74)
	at org.jetbrains.kotlin.script.jsr223.KotlinJsr223JvmLocalScriptEngine.getReplCompiler(KotlinJsr223JvmLocalScriptEngine.kt)
	at org.jetbrains.kotlin.script.jsr223.KotlinJsr223JvmLocalScriptEngine$localEvaluator$2.invoke(KotlinJsr223JvmLocalScriptEngine.kt:53)
	at org.jetbrains.kotlin.script.jsr223.KotlinJsr223JvmLocalScriptEngine$localEvaluator$2.invoke(KotlinJsr223JvmLocalScriptEngine.kt:38)
	at kotlin.SynchronizedLazyImpl.getValue(LazyJVM.kt:74)
	at org.jetbrains.kotlin.script.jsr223.KotlinJsr223JvmLocalScriptEngine.getLocalEvaluator(KotlinJsr223JvmLocalScriptEngine.kt)
	at org.jetbrains.kotlin.script.jsr223.KotlinJsr223JvmLocalScriptEngine.getReplEvaluator(KotlinJsr223JvmLocalScriptEngine.kt:55)
	at org.jetbrains.kotlin.script.jsr223.KotlinJsr223JvmLocalScriptEngine.createState(KotlinJsr223JvmLocalScriptEngine.kt:59)
	at org.jetbrains.kotlin.cli.common.repl.KotlinJsr223JvmScriptEngineBase.createState$default(KotlinJsr223JvmScriptEngineBase.kt:46)
	at org.jetbrains.kotlin.cli.common.repl.KotlinJsr223JvmScriptEngineBase.getCurrentState(KotlinJsr223JvmScriptEngineBase.kt:53)
	at org.jetbrains.kotlin.cli.common.repl.KotlinJsr223JvmScriptEngineBase.nextCodeLine(KotlinJsr223JvmScriptEngineBase.kt:44)
	at org.jetbrains.kotlin.cli.common.repl.KotlinJsr223JvmScriptEngineBase.compileAndEval(KotlinJsr223JvmScriptEngineBase.kt:61)
	at org.jetbrains.kotlin.cli.common.repl.KotlinJsr223JvmScriptEngineBase.eval(KotlinJsr223JvmScriptEngineBase.kt:33)
	at javax.script.AbstractScriptEngine.eval(AbstractScriptEngine.java:249)
	at org.springframework.web.reactive.result.view.script.ScriptTemplateView.loadScripts(ScriptTemplateView.java:259)
	... 50 more
Caused by: java.lang.ClassNotFoundException: org.jetbrains.kotlin.scripting.compiler.plugin.repl.GenericReplCompiler
	at java.net.URLClassLoader.findClass(URLClassLoader.java:381)
	at java.lang.ClassLoader.loadClass(ClassLoader.java:424)
	at sun.misc.Launcher$AppClassLoader.loadClass(Launcher.java:331)
	at java.lang.ClassLoader.loadClass(ClassLoader.java:357)
	... 67 more
</pre>
</span>
</div>
<div class="test">
<a name="renderTemplateWithoutRenderFunction"></a>
<h3 class="failures">renderTemplateWithoutRenderFunction</h3>
<span class="code">
<pre>java.lang.NoClassDefFoundError: org/jetbrains/kotlin/scripting/compiler/plugin/repl/GenericReplCompiler
	at org.jetbrains.kotlin.script.jsr223.KotlinJsr223JvmLocalScriptEngine$replCompiler$2.invoke(KotlinJsr223JvmLocalScriptEngine.kt:47)
	at org.jetbrains.kotlin.script.jsr223.KotlinJsr223JvmLocalScriptEngine$replCompiler$2.invoke(KotlinJsr223JvmLocalScriptEngine.kt:38)
	at kotlin.SynchronizedLazyImpl.getValue(LazyJVM.kt:74)
	at org.jetbrains.kotlin.script.jsr223.KotlinJsr223JvmLocalScriptEngine.getReplCompiler(KotlinJsr223JvmLocalScriptEngine.kt)
	at org.jetbrains.kotlin.script.jsr223.KotlinJsr223JvmLocalScriptEngine$localEvaluator$2.invoke(KotlinJsr223JvmLocalScriptEngine.kt:53)
	at org.jetbrains.kotlin.script.jsr223.KotlinJsr223JvmLocalScriptEngine$localEvaluator$2.invoke(KotlinJsr223JvmLocalScriptEngine.kt:38)
	at kotlin.SynchronizedLazyImpl.getValue(LazyJVM.kt:74)
	at org.jetbrains.kotlin.script.jsr223.KotlinJsr223JvmLocalScriptEngine.getLocalEvaluator(KotlinJsr223JvmLocalScriptEngine.kt)
	at org.jetbrains.kotlin.script.jsr223.KotlinJsr223JvmLocalScriptEngine.getReplEvaluator(KotlinJsr223JvmLocalScriptEngine.kt:55)
	at org.jetbrains.kotlin.script.jsr223.KotlinJsr223JvmLocalScriptEngine.createState(KotlinJsr223JvmLocalScriptEngine.kt:59)
	at org.jetbrains.kotlin.cli.common.repl.KotlinJsr223JvmScriptEngineBase.createState$default(KotlinJsr223JvmScriptEngineBase.kt:46)
	at org.jetbrains.kotlin.cli.common.repl.KotlinJsr223JvmScriptEngineBase.getCurrentState(KotlinJsr223JvmScriptEngineBase.kt:53)
	at org.jetbrains.kotlin.cli.common.repl.KotlinJsr223JvmScriptEngineBase.nextCodeLine(KotlinJsr223JvmScriptEngineBase.kt:44)
	at org.jetbrains.kotlin.cli.common.repl.KotlinJsr223JvmScriptEngineBase.compileAndEval(KotlinJsr223JvmScriptEngineBase.kt:61)
	at org.jetbrains.kotlin.cli.common.repl.KotlinJsr223JvmScriptEngineBase.eval(KotlinJsr223JvmScriptEngineBase.kt:31)
	at javax.script.AbstractScriptEngine.eval(AbstractScriptEngine.java:233)
	at org.springframework.web.reactive.result.view.script.ScriptTemplateView.lambda$renderInternal$1(ScriptTemplateView.java:330)
	at reactor.core.publisher.MonoDefer.subscribe(MonoDefer.java:44)
	at reactor.core.publisher.Mono.block(Mono.java:1465)
	at org.springframework.web.reactive.result.view.script.KotlinScriptTemplateTests.render(KotlinScriptTemplateTests.java:82)
	at org.springframework.web.reactive.result.view.script.KotlinScriptTemplateTests.renderTemplateWithoutRenderFunction(KotlinScriptTemplateTests.java:70)
	at sun.reflect.NativeMethodAccessorImpl.invoke0(Native Method)
	at sun.reflect.NativeMethodAccessorImpl.invoke(NativeMethodAccessorImpl.java:62)
	at sun.reflect.DelegatingMethodAccessorImpl.invoke(DelegatingMethodAccessorImpl.java:43)
	at java.lang.reflect.Method.invoke(Method.java:498)
	at org.junit.runners.model.FrameworkMethod$1.runReflectiveCall(FrameworkMethod.java:50)
	at org.junit.internal.runners.model.ReflectiveCallable.run(ReflectiveCallable.java:12)
	at org.junit.runners.model.FrameworkMethod.invokeExplosively(FrameworkMethod.java:47)
	at org.junit.internal.runners.statements.InvokeMethod.evaluate(InvokeMethod.java:17)
	at org.junit.runners.ParentRunner.runLeaf(ParentRunner.java:325)
	at org.junit.runners.BlockJUnit4ClassRunner.runChild(BlockJUnit4ClassRunner.java:78)
	at org.junit.runners.BlockJUnit4ClassRunner.runChild(BlockJUnit4ClassRunner.java:57)
	at org.junit.runners.ParentRunner$3.run(ParentRunner.java:290)
	at org.junit.runners.ParentRunner$1.schedule(ParentRunner.java:71)
	at org.junit.runners.ParentRunner.runChildren(ParentRunner.java:288)
	at org.junit.runners.ParentRunner.access$000(ParentRunner.java:58)
	at org.junit.runners.ParentRunner$2.evaluate(ParentRunner.java:268)
	at org.junit.runners.ParentRunner.run(ParentRunner.java:363)
	at org.gradle.api.internal.tasks.testing.junit.JUnitTestClassExecutor.runTestClass(JUnitTestClassExecutor.java:106)
	at org.gradle.api.internal.tasks.testing.junit.JUnitTestClassExecutor.execute(JUnitTestClassExecutor.java:58)
	at org.gradle.api.internal.tasks.testing.junit.JUnitTestClassExecutor.execute(JUnitTestClassExecutor.java:38)
	at org.gradle.api.internal.tasks.testing.junit.AbstractJUnitTestClassProcessor.processTestClass(AbstractJUnitTestClassProcessor.java:66)
	at org.gradle.api.internal.tasks.testing.SuiteTestClassProcessor.processTestClass(SuiteTestClassProcessor.java:51)
	at sun.reflect.GeneratedMethodAccessor65.invoke(Unknown Source)
	at sun.reflect.DelegatingMethodAccessorImpl.invoke(DelegatingMethodAccessorImpl.java:43)
	at java.lang.reflect.Method.invoke(Method.java:498)
	at org.gradle.internal.dispatch.ReflectionDispatch.dispatch(ReflectionDispatch.java:35)
	at org.gradle.internal.dispatch.ReflectionDispatch.dispatch(ReflectionDispatch.java:24)
	at org.gradle.internal.dispatch.ContextClassLoaderDispatch.dispatch(ContextClassLoaderDispatch.java:32)
	at org.gradle.internal.dispatch.ProxyDispatchAdapter$DispatchingInvocationHandler.invoke(ProxyDispatchAdapter.java:93)
	at com.sun.proxy.$Proxy2.processTestClass(Unknown Source)
	at org.gradle.api.internal.tasks.testing.worker.TestWorker.processTestClass(TestWorker.java:117)
	at sun.reflect.GeneratedMethodAccessor64.invoke(Unknown Source)
	at sun.reflect.DelegatingMethodAccessorImpl.invoke(DelegatingMethodAccessorImpl.java:43)
	at java.lang.reflect.Method.invoke(Method.java:498)
	at org.gradle.internal.dispatch.ReflectionDispatch.dispatch(ReflectionDispatch.java:35)
	at org.gradle.internal.dispatch.ReflectionDispatch.dispatch(ReflectionDispatch.java:24)
	at org.gradle.internal.remote.internal.hub.MessageHubBackedObjectConnection$DispatchWrapper.dispatch(MessageHubBackedObjectConnection.java:155)
	at org.gradle.internal.remote.internal.hub.MessageHubBackedObjectConnection$DispatchWrapper.dispatch(MessageHubBackedObjectConnection.java:137)
	at org.gradle.internal.remote.internal.hub.MessageHub$Handler.run(MessageHub.java:404)
	at org.gradle.internal.concurrent.ExecutorPolicy$CatchAndRecordFailures.onExecute(ExecutorPolicy.java:63)
	at org.gradle.internal.concurrent.ManagedExecutorImpl$1.run(ManagedExecutorImpl.java:46)
	at java.util.concurrent.ThreadPoolExecutor.runWorker(ThreadPoolExecutor.java:1142)
	at java.util.concurrent.ThreadPoolExecutor$Worker.run(ThreadPoolExecutor.java:617)
	at org.gradle.internal.concurrent.ThreadFactoryImpl$ManagedThreadRunnable.run(ThreadFactoryImpl.java:55)
	at java.lang.Thread.run(Thread.java:745)
</pre>
</span>
</div>
</div>
<div id="tab1" class="tab">
<h2>Tests</h2>
<table>
<thead>
<tr>
<th>Test</th>
<th>Duration</th>
<th>Result</th>
</tr>
</thead>
<tr>
<td class="failures">renderTemplateWithEnglishLocale</td>
<td class="failures">0.017s</td>
<td class="failures">failed</td>
</tr>
<tr>
<td class="failures">renderTemplateWithFrenchLocale</td>
<td class="failures">0.288s</td>
<td class="failures">failed</td>
</tr>
<tr>
<td class="failures">renderTemplateWithoutRenderFunction</td>
<td class="failures">0.030s</td>
<td class="failures">failed</td>
</tr>
</table>
</div>
</div>
<div id="footer">
<p>
<div>
<label class="hidden" id="label-for-line-wrapping-toggle" for="line-wrapping-toggle">Wrap lines
<input id="line-wrapping-toggle" type="checkbox" autocomplete="off"/>
</label>
</div>Generated by 
<a href="http://www.gradle.org">Gradle 4.10</a> at 2020-8-26 12:04:18</p>
</div>
</div>
</body>
</html>
