<?xml version="1.0" encoding="UTF-8"?>
<!-- Generated by org.testng.reporters.JUnitXMLReporter -->
<testsuite hostname="PC-20191023THJJ" ignored="0" name="Command line test" tests="1" failures="0" timestamp="26 八月 2020 04:38:39 GMT" time="0.001" errors="0">
  <testcase name="verifyContextWasAutowired" time="0.0" classname="org.springframework.test.context.cache.ClassLevelDirtiesContextTestNGTests$ClassLevelDirtiesContextWithCleanMethodsAndAfterClassModeTestCase"/>
</testsuite> <!-- Command line test -->
