<?xml version="1.0" encoding="UTF-8"?>
<testsuite name="org.springframework.web.reactive.function.server.RouterFunctionsTests" tests="11" skipped="0" failures="0" errors="0" timestamp="2020-08-26T04:02:20" hostname="PC-20191023THJJ" time="0.377">
  <properties/>
  <testcase name="toHttpHandlerHandlerThrowsException" classname="org.springframework.web.reactive.function.server.RouterFunctionsTests" time="0.042"/>
  <testcase name="routeNoMatch" classname="org.springframework.web.reactive.function.server.RouterFunctionsTests" time="0.04"/>
  <testcase name="toHttpHandlerWebFilter" classname="org.springframework.web.reactive.function.server.RouterFunctionsTests" time="0.036"/>
  <testcase name="toHttpHandlerNormal" classname="org.springframework.web.reactive.function.server.RouterFunctionsTests" time="0.031"/>
  <testcase name="nestNoMatch" classname="org.springframework.web.reactive.function.server.RouterFunctionsTests" time="0.031"/>
  <testcase name="toHttpHandlerHandlerResponseStatusException" classname="org.springframework.web.reactive.function.server.RouterFunctionsTests" time="0.032"/>
  <testcase name="toHttpHandlerHandlerReturnResponseStatusExceptionInResponseWriteTo" classname="org.springframework.web.reactive.function.server.RouterFunctionsTests" time="0.031"/>
  <testcase name="toHttpHandlerHandlerReturnsException" classname="org.springframework.web.reactive.function.server.RouterFunctionsTests" time="0.037"/>
  <testcase name="routeMatch" classname="org.springframework.web.reactive.function.server.RouterFunctionsTests" time="0.031"/>
  <testcase name="nestMatch" classname="org.springframework.web.reactive.function.server.RouterFunctionsTests" time="0.032"/>
  <testcase name="toHttpHandlerHandlerThrowResponseStatusExceptionInResponseWriteTo" classname="org.springframework.web.reactive.function.server.RouterFunctionsTests" time="0.033"/>
  <system-out><![CDATA[12:02:20.072 [Test worker] DEBUG org.springframework.web.server.adapter.HttpWebHandlerAdapter - enableLoggingRequestDetails='false': form data and headers will be masked to prevent unsafe logging of potentially sensitive data
12:02:20.072 [Test worker] DEBUG org.springframework.web.server.adapter.HttpWebHandlerAdapter - [86fd3] HTTP GET ""
12:02:20.072 [Test worker] ERROR org.springframework.web.server.adapter.HttpWebHandlerAdapter - [86fd3] 500 Server Error for HTTP GET ""
java.lang.IllegalStateException: null
	at org.springframework.web.reactive.function.server.RouterFunctionsTests.lambda$toHttpHandlerHandlerThrowsException$7(RouterFunctionsTests.java:142) ~[test/:?]
	at org.springframework.web.reactive.function.server.RouterFunctions.lambda$null$3(RouterFunctions.java:255) ~[main/:?]
	at org.springframework.web.reactive.function.server.RouterFunctions.wrapException(RouterFunctions.java:264) ~[main/:?]
	at org.springframework.web.reactive.function.server.RouterFunctions.lambda$null$4(RouterFunctions.java:255) ~[main/:?]
	at reactor.core.publisher.FluxFlatMap.trySubscribeScalarMap(FluxFlatMap.java:141) [reactor-core-3.2.0.M4.jar:3.2.0.M4]
	at reactor.core.publisher.MonoFlatMap.subscribe(MonoFlatMap.java:53) [reactor-core-3.2.0.M4.jar:3.2.0.M4]
	at reactor.core.publisher.MonoFlatMap.subscribe(MonoFlatMap.java:60) [reactor-core-3.2.0.M4.jar:3.2.0.M4]
	at reactor.core.publisher.MonoOnErrorResume.subscribe(MonoOnErrorResume.java:44) [reactor-core-3.2.0.M4.jar:3.2.0.M4]
	at reactor.core.publisher.MonoPeekTerminal.subscribe(MonoPeekTerminal.java:61) [reactor-core-3.2.0.M4.jar:3.2.0.M4]
	at reactor.core.publisher.MonoOnErrorResume.subscribe(MonoOnErrorResume.java:44) [reactor-core-3.2.0.M4.jar:3.2.0.M4]
	at reactor.core.publisher.Mono.subscribe(Mono.java:3555) [reactor-core-3.2.0.M4.jar:3.2.0.M4]
	at reactor.core.publisher.MonoIgnoreThen$ThenIgnoreMain.drain(MonoIgnoreThen.java:172) [reactor-core-3.2.0.M4.jar:3.2.0.M4]
	at reactor.core.publisher.MonoIgnoreThen.subscribe(MonoIgnoreThen.java:56) [reactor-core-3.2.0.M4.jar:3.2.0.M4]
	at reactor.core.publisher.Mono.block(Mono.java:1465) [reactor-core-3.2.0.M4.jar:3.2.0.M4]
	at org.springframework.web.reactive.function.server.RouterFunctionsTests.toHttpHandlerHandlerThrowsException(RouterFunctionsTests.java:152) [test/:?]
	at sun.reflect.NativeMethodAccessorImpl.invoke0(Native Method) ~[?:1.8.0_101]
	at sun.reflect.NativeMethodAccessorImpl.invoke(NativeMethodAccessorImpl.java:62) ~[?:1.8.0_101]
	at sun.reflect.DelegatingMethodAccessorImpl.invoke(DelegatingMethodAccessorImpl.java:43) ~[?:1.8.0_101]
	at java.lang.reflect.Method.invoke(Method.java:498) ~[?:1.8.0_101]
	at org.junit.runners.model.FrameworkMethod$1.runReflectiveCall(FrameworkMethod.java:50) [junit-4.12.jar:4.12]
	at org.junit.internal.runners.model.ReflectiveCallable.run(ReflectiveCallable.java:12) [junit-4.12.jar:4.12]
	at org.junit.runners.model.FrameworkMethod.invokeExplosively(FrameworkMethod.java:47) [junit-4.12.jar:4.12]
	at org.junit.internal.runners.statements.InvokeMethod.evaluate(InvokeMethod.java:17) [junit-4.12.jar:4.12]
	at org.junit.runners.ParentRunner.runLeaf(ParentRunner.java:325) [junit-4.12.jar:4.12]
	at org.junit.runners.BlockJUnit4ClassRunner.runChild(BlockJUnit4ClassRunner.java:78) [junit-4.12.jar:4.12]
	at org.junit.runners.BlockJUnit4ClassRunner.runChild(BlockJUnit4ClassRunner.java:57) [junit-4.12.jar:4.12]
	at org.junit.runners.ParentRunner$3.run(ParentRunner.java:290) [junit-4.12.jar:4.12]
	at org.junit.runners.ParentRunner$1.schedule(ParentRunner.java:71) [junit-4.12.jar:4.12]
	at org.junit.runners.ParentRunner.runChildren(ParentRunner.java:288) [junit-4.12.jar:4.12]
	at org.junit.runners.ParentRunner.access$000(ParentRunner.java:58) [junit-4.12.jar:4.12]
	at org.junit.runners.ParentRunner$2.evaluate(ParentRunner.java:268) [junit-4.12.jar:4.12]
	at org.junit.runners.ParentRunner.run(ParentRunner.java:363) [junit-4.12.jar:4.12]
	at org.gradle.api.internal.tasks.testing.junit.JUnitTestClassExecutor.runTestClass(JUnitTestClassExecutor.java:106) [gradle-testing-jvm-4.10.jar:4.10]
	at org.gradle.api.internal.tasks.testing.junit.JUnitTestClassExecutor.execute(JUnitTestClassExecutor.java:58) [gradle-testing-jvm-4.10.jar:4.10]
	at org.gradle.api.internal.tasks.testing.junit.JUnitTestClassExecutor.execute(JUnitTestClassExecutor.java:38) [gradle-testing-jvm-4.10.jar:4.10]
	at org.gradle.api.internal.tasks.testing.junit.AbstractJUnitTestClassProcessor.processTestClass(AbstractJUnitTestClassProcessor.java:66) [gradle-testing-jvm-4.10.jar:4.10]
	at org.gradle.api.internal.tasks.testing.SuiteTestClassProcessor.processTestClass(SuiteTestClassProcessor.java:51) [gradle-testing-base-4.10.jar:4.10]
	at sun.reflect.GeneratedMethodAccessor65.invoke(Unknown Source) ~[?:?]
	at sun.reflect.DelegatingMethodAccessorImpl.invoke(DelegatingMethodAccessorImpl.java:43) ~[?:1.8.0_101]
	at java.lang.reflect.Method.invoke(Method.java:498) ~[?:1.8.0_101]
	at org.gradle.internal.dispatch.ReflectionDispatch.dispatch(ReflectionDispatch.java:35) [gradle-messaging-4.10.jar:4.10]
	at org.gradle.internal.dispatch.ReflectionDispatch.dispatch(ReflectionDispatch.java:24) [gradle-messaging-4.10.jar:4.10]
	at org.gradle.internal.dispatch.ContextClassLoaderDispatch.dispatch(ContextClassLoaderDispatch.java:32) [gradle-messaging-4.10.jar:4.10]
	at org.gradle.internal.dispatch.ProxyDispatchAdapter$DispatchingInvocationHandler.invoke(ProxyDispatchAdapter.java:93) [gradle-messaging-4.10.jar:4.10]
	at com.sun.proxy.$Proxy2.processTestClass(Unknown Source) [?:?]
	at org.gradle.api.internal.tasks.testing.worker.TestWorker.processTestClass(TestWorker.java:117) [gradle-testing-base-4.10.jar:4.10]
	at sun.reflect.GeneratedMethodAccessor64.invoke(Unknown Source) ~[?:?]
	at sun.reflect.DelegatingMethodAccessorImpl.invoke(DelegatingMethodAccessorImpl.java:43) ~[?:1.8.0_101]
	at java.lang.reflect.Method.invoke(Method.java:498) ~[?:1.8.0_101]
	at org.gradle.internal.dispatch.ReflectionDispatch.dispatch(ReflectionDispatch.java:35) [gradle-messaging-4.10.jar:4.10]
	at org.gradle.internal.dispatch.ReflectionDispatch.dispatch(ReflectionDispatch.java:24) [gradle-messaging-4.10.jar:4.10]
	at org.gradle.internal.remote.internal.hub.MessageHubBackedObjectConnection$DispatchWrapper.dispatch(MessageHubBackedObjectConnection.java:155) [gradle-messaging-4.10.jar:4.10]
	at org.gradle.internal.remote.internal.hub.MessageHubBackedObjectConnection$DispatchWrapper.dispatch(MessageHubBackedObjectConnection.java:137) [gradle-messaging-4.10.jar:4.10]
	at org.gradle.internal.remote.internal.hub.MessageHub$Handler.run(MessageHub.java:404) [gradle-messaging-4.10.jar:4.10]
	at org.gradle.internal.concurrent.ExecutorPolicy$CatchAndRecordFailures.onExecute(ExecutorPolicy.java:63) [gradle-base-services-4.10.jar:4.10]
	at org.gradle.internal.concurrent.ManagedExecutorImpl$1.run(ManagedExecutorImpl.java:46) [gradle-base-services-4.10.jar:4.10]
	at java.util.concurrent.ThreadPoolExecutor.runWorker(ThreadPoolExecutor.java:1142) [?:1.8.0_101]
	at java.util.concurrent.ThreadPoolExecutor$Worker.run(ThreadPoolExecutor.java:617) [?:1.8.0_101]
	at org.gradle.internal.concurrent.ThreadFactoryImpl$ManagedThreadRunnable.run(ThreadFactoryImpl.java:55) [gradle-base-services-4.10.jar:4.10]
	at java.lang.Thread.run(Thread.java:745) [?:1.8.0_101]
12:02:20.155 [Test worker] DEBUG org.springframework.web.server.adapter.HttpWebHandlerAdapter - enableLoggingRequestDetails='false': form data and headers will be masked to prevent unsafe logging of potentially sensitive data
12:02:20.156 [Test worker] DEBUG org.springframework.web.server.adapter.HttpWebHandlerAdapter - [2d1b4216] HTTP GET ""
12:02:20.158 [Test worker] DEBUG org.springframework.web.server.adapter.HttpWebHandlerAdapter - [2d1b4216] Completed 202 ACCEPTED
12:02:20.189 [Test worker] DEBUG org.springframework.web.server.adapter.HttpWebHandlerAdapter - enableLoggingRequestDetails='false': form data and headers will be masked to prevent unsafe logging of potentially sensitive data
12:02:20.189 [Test worker] DEBUG org.springframework.web.server.adapter.HttpWebHandlerAdapter - [60424224] HTTP GET ""
12:02:20.189 [Test worker] DEBUG org.springframework.web.server.adapter.HttpWebHandlerAdapter - [60424224] Completed 202 ACCEPTED
12:02:20.252 [Test worker] DEBUG org.springframework.web.server.adapter.HttpWebHandlerAdapter - enableLoggingRequestDetails='false': form data and headers will be masked to prevent unsafe logging of potentially sensitive data
12:02:20.252 [Test worker] DEBUG org.springframework.web.server.adapter.HttpWebHandlerAdapter - [77046cb0] HTTP GET ""
12:02:20.252 [Test worker] WARN  org.springframework.web.server.handler.ResponseStatusExceptionHandler - [77046cb0] Resolved [ResponseStatusException: 404 NOT_FOUND "Not found"] for HTTP GET 
12:02:20.252 [Test worker] DEBUG org.springframework.web.server.adapter.HttpWebHandlerAdapter - [77046cb0] Completed 404 NOT_FOUND
12:02:20.283 [Test worker] DEBUG org.springframework.web.server.adapter.HttpWebHandlerAdapter - enableLoggingRequestDetails='false': form data and headers will be masked to prevent unsafe logging of potentially sensitive data
12:02:20.283 [Test worker] DEBUG org.springframework.web.server.adapter.HttpWebHandlerAdapter - [67a91c3b] HTTP GET ""
12:02:20.284 [Test worker] WARN  org.springframework.web.server.handler.ResponseStatusExceptionHandler - [67a91c3b] Resolved [ResponseStatusException: 404 NOT_FOUND "Not found"] for HTTP GET 
12:02:20.284 [Test worker] DEBUG org.springframework.web.server.adapter.HttpWebHandlerAdapter - [67a91c3b] Completed 404 NOT_FOUND
12:02:20.315 [Test worker] DEBUG org.springframework.web.server.adapter.HttpWebHandlerAdapter - enableLoggingRequestDetails='false': form data and headers will be masked to prevent unsafe logging of potentially sensitive data
12:02:20.315 [Test worker] DEBUG org.springframework.web.server.adapter.HttpWebHandlerAdapter - [1c7c9684] HTTP GET ""
12:02:20.316 [Test worker] ERROR org.springframework.web.server.adapter.HttpWebHandlerAdapter - [1c7c9684] 500 Server Error for HTTP GET ""
java.lang.IllegalStateException: null
	at org.springframework.web.reactive.function.server.RouterFunctionsTests.lambda$toHttpHandlerHandlerReturnsException$8(RouterFunctionsTests.java:159) ~[test/:?]
	at org.springframework.web.reactive.function.server.RouterFunctions.lambda$null$3(RouterFunctions.java:255) ~[main/:?]
	at org.springframework.web.reactive.function.server.RouterFunctions.wrapException(RouterFunctions.java:264) ~[main/:?]
	at org.springframework.web.reactive.function.server.RouterFunctions.lambda$null$4(RouterFunctions.java:255) ~[main/:?]
	at reactor.core.publisher.FluxFlatMap.trySubscribeScalarMap(FluxFlatMap.java:141) [reactor-core-3.2.0.M4.jar:3.2.0.M4]
	at reactor.core.publisher.MonoFlatMap.subscribe(MonoFlatMap.java:53) [reactor-core-3.2.0.M4.jar:3.2.0.M4]
	at reactor.core.publisher.MonoFlatMap.subscribe(MonoFlatMap.java:60) [reactor-core-3.2.0.M4.jar:3.2.0.M4]
	at reactor.core.publisher.MonoOnErrorResume.subscribe(MonoOnErrorResume.java:44) [reactor-core-3.2.0.M4.jar:3.2.0.M4]
	at reactor.core.publisher.MonoPeekTerminal.subscribe(MonoPeekTerminal.java:61) [reactor-core-3.2.0.M4.jar:3.2.0.M4]
	at reactor.core.publisher.MonoOnErrorResume.subscribe(MonoOnErrorResume.java:44) [reactor-core-3.2.0.M4.jar:3.2.0.M4]
	at reactor.core.publisher.Mono.subscribe(Mono.java:3555) [reactor-core-3.2.0.M4.jar:3.2.0.M4]
	at reactor.core.publisher.MonoIgnoreThen$ThenIgnoreMain.drain(MonoIgnoreThen.java:172) [reactor-core-3.2.0.M4.jar:3.2.0.M4]
	at reactor.core.publisher.MonoIgnoreThen.subscribe(MonoIgnoreThen.java:56) [reactor-core-3.2.0.M4.jar:3.2.0.M4]
	at reactor.core.publisher.Mono.block(Mono.java:1465) [reactor-core-3.2.0.M4.jar:3.2.0.M4]
	at org.springframework.web.reactive.function.server.RouterFunctionsTests.toHttpHandlerHandlerReturnsException(RouterFunctionsTests.java:168) [test/:?]
	at sun.reflect.NativeMethodAccessorImpl.invoke0(Native Method) ~[?:1.8.0_101]
	at sun.reflect.NativeMethodAccessorImpl.invoke(NativeMethodAccessorImpl.java:62) ~[?:1.8.0_101]
	at sun.reflect.DelegatingMethodAccessorImpl.invoke(DelegatingMethodAccessorImpl.java:43) ~[?:1.8.0_101]
	at java.lang.reflect.Method.invoke(Method.java:498) ~[?:1.8.0_101]
	at org.junit.runners.model.FrameworkMethod$1.runReflectiveCall(FrameworkMethod.java:50) [junit-4.12.jar:4.12]
	at org.junit.internal.runners.model.ReflectiveCallable.run(ReflectiveCallable.java:12) [junit-4.12.jar:4.12]
	at org.junit.runners.model.FrameworkMethod.invokeExplosively(FrameworkMethod.java:47) [junit-4.12.jar:4.12]
	at org.junit.internal.runners.statements.InvokeMethod.evaluate(InvokeMethod.java:17) [junit-4.12.jar:4.12]
	at org.junit.runners.ParentRunner.runLeaf(ParentRunner.java:325) [junit-4.12.jar:4.12]
	at org.junit.runners.BlockJUnit4ClassRunner.runChild(BlockJUnit4ClassRunner.java:78) [junit-4.12.jar:4.12]
	at org.junit.runners.BlockJUnit4ClassRunner.runChild(BlockJUnit4ClassRunner.java:57) [junit-4.12.jar:4.12]
	at org.junit.runners.ParentRunner$3.run(ParentRunner.java:290) [junit-4.12.jar:4.12]
	at org.junit.runners.ParentRunner$1.schedule(ParentRunner.java:71) [junit-4.12.jar:4.12]
	at org.junit.runners.ParentRunner.runChildren(ParentRunner.java:288) [junit-4.12.jar:4.12]
	at org.junit.runners.ParentRunner.access$000(ParentRunner.java:58) [junit-4.12.jar:4.12]
	at org.junit.runners.ParentRunner$2.evaluate(ParentRunner.java:268) [junit-4.12.jar:4.12]
	at org.junit.runners.ParentRunner.run(ParentRunner.java:363) [junit-4.12.jar:4.12]
	at org.gradle.api.internal.tasks.testing.junit.JUnitTestClassExecutor.runTestClass(JUnitTestClassExecutor.java:106) [gradle-testing-jvm-4.10.jar:4.10]
	at org.gradle.api.internal.tasks.testing.junit.JUnitTestClassExecutor.execute(JUnitTestClassExecutor.java:58) [gradle-testing-jvm-4.10.jar:4.10]
	at org.gradle.api.internal.tasks.testing.junit.JUnitTestClassExecutor.execute(JUnitTestClassExecutor.java:38) [gradle-testing-jvm-4.10.jar:4.10]
	at org.gradle.api.internal.tasks.testing.junit.AbstractJUnitTestClassProcessor.processTestClass(AbstractJUnitTestClassProcessor.java:66) [gradle-testing-jvm-4.10.jar:4.10]
	at org.gradle.api.internal.tasks.testing.SuiteTestClassProcessor.processTestClass(SuiteTestClassProcessor.java:51) [gradle-testing-base-4.10.jar:4.10]
	at sun.reflect.GeneratedMethodAccessor65.invoke(Unknown Source) ~[?:?]
	at sun.reflect.DelegatingMethodAccessorImpl.invoke(DelegatingMethodAccessorImpl.java:43) ~[?:1.8.0_101]
	at java.lang.reflect.Method.invoke(Method.java:498) ~[?:1.8.0_101]
	at org.gradle.internal.dispatch.ReflectionDispatch.dispatch(ReflectionDispatch.java:35) [gradle-messaging-4.10.jar:4.10]
	at org.gradle.internal.dispatch.ReflectionDispatch.dispatch(ReflectionDispatch.java:24) [gradle-messaging-4.10.jar:4.10]
	at org.gradle.internal.dispatch.ContextClassLoaderDispatch.dispatch(ContextClassLoaderDispatch.java:32) [gradle-messaging-4.10.jar:4.10]
	at org.gradle.internal.dispatch.ProxyDispatchAdapter$DispatchingInvocationHandler.invoke(ProxyDispatchAdapter.java:93) [gradle-messaging-4.10.jar:4.10]
	at com.sun.proxy.$Proxy2.processTestClass(Unknown Source) [?:?]
	at org.gradle.api.internal.tasks.testing.worker.TestWorker.processTestClass(TestWorker.java:117) [gradle-testing-base-4.10.jar:4.10]
	at sun.reflect.GeneratedMethodAccessor64.invoke(Unknown Source) ~[?:?]
	at sun.reflect.DelegatingMethodAccessorImpl.invoke(DelegatingMethodAccessorImpl.java:43) ~[?:1.8.0_101]
	at java.lang.reflect.Method.invoke(Method.java:498) ~[?:1.8.0_101]
	at org.gradle.internal.dispatch.ReflectionDispatch.dispatch(ReflectionDispatch.java:35) [gradle-messaging-4.10.jar:4.10]
	at org.gradle.internal.dispatch.ReflectionDispatch.dispatch(ReflectionDispatch.java:24) [gradle-messaging-4.10.jar:4.10]
	at org.gradle.internal.remote.internal.hub.MessageHubBackedObjectConnection$DispatchWrapper.dispatch(MessageHubBackedObjectConnection.java:155) [gradle-messaging-4.10.jar:4.10]
	at org.gradle.internal.remote.internal.hub.MessageHubBackedObjectConnection$DispatchWrapper.dispatch(MessageHubBackedObjectConnection.java:137) [gradle-messaging-4.10.jar:4.10]
	at org.gradle.internal.remote.internal.hub.MessageHub$Handler.run(MessageHub.java:404) [gradle-messaging-4.10.jar:4.10]
	at org.gradle.internal.concurrent.ExecutorPolicy$CatchAndRecordFailures.onExecute(ExecutorPolicy.java:63) [gradle-base-services-4.10.jar:4.10]
	at org.gradle.internal.concurrent.ManagedExecutorImpl$1.run(ManagedExecutorImpl.java:46) [gradle-base-services-4.10.jar:4.10]
	at java.util.concurrent.ThreadPoolExecutor.runWorker(ThreadPoolExecutor.java:1142) [?:1.8.0_101]
	at java.util.concurrent.ThreadPoolExecutor$Worker.run(ThreadPoolExecutor.java:617) [?:1.8.0_101]
	at org.gradle.internal.concurrent.ThreadFactoryImpl$ManagedThreadRunnable.run(ThreadFactoryImpl.java:55) [gradle-base-services-4.10.jar:4.10]
	at java.lang.Thread.run(Thread.java:745) [?:1.8.0_101]
12:02:20.417 [Test worker] DEBUG org.springframework.web.server.adapter.HttpWebHandlerAdapter - enableLoggingRequestDetails='false': form data and headers will be masked to prevent unsafe logging of potentially sensitive data
12:02:20.418 [Test worker] DEBUG org.springframework.web.server.adapter.HttpWebHandlerAdapter - [660d5ab5] HTTP GET ""
12:02:20.418 [Test worker] WARN  org.springframework.web.server.handler.ResponseStatusExceptionHandler - [660d5ab5] Resolved [ResponseStatusException: 404 NOT_FOUND "Not found"] for HTTP GET 
12:02:20.418 [Test worker] DEBUG org.springframework.web.server.adapter.HttpWebHandlerAdapter - [660d5ab5] Completed 404 NOT_FOUND
]]></system-out>
  <system-err><![CDATA[]]></system-err>
</testsuite>
